[23-Apr-2022 02:54:31] NOTICE: fpm is running, pid 18
[23-Apr-2022 02:54:31] NOTICE: ready to handle connections
[23-Apr-2022 02:54:31] NOTICE: systemd monitor interval set to 10000ms
[23-Apr-2022 03:37:47] NOTICE: fpm is running, pid 15
[23-Apr-2022 03:37:47] NOTICE: ready to handle connections
[23-Apr-2022 03:37:47] NOTICE: systemd monitor interval set to 10000ms
[23-Apr-2022 05:08:07] NOTICE: fpm is running, pid 16
[23-Apr-2022 05:08:07] NOTICE: ready to handle connections
[23-Apr-2022 05:08:07] NOTICE: systemd monitor interval set to 10000ms
[23-Apr-2022 05:09:22] NOTICE: fpm is running, pid 16
[23-Apr-2022 05:09:22] NOTICE: ready to handle connections
[23-Apr-2022 05:09:22] NOTICE: systemd monitor interval set to 10000ms
[03-May-2022 10:41:08] NOTICE: fpm is running, pid 16
[03-May-2022 10:41:08] NOTICE: ready to handle connections
[03-May-2022 10:41:08] NOTICE: systemd monitor interval set to 10000ms
[03-May-2022 10:45:17] NOTICE: fpm is running, pid 16
[03-May-2022 10:45:17] NOTICE: ready to handle connections
[03-May-2022 10:45:17] NOTICE: systemd monitor interval set to 10000ms
[03-May-2022 10:47:31] NOTICE: fpm is running, pid 16
[03-May-2022 10:47:31] NOTICE: ready to handle connections
[03-May-2022 10:47:31] NOTICE: systemd monitor interval set to 10000ms
[03-May-2022 10:49:31] NOTICE: fpm is running, pid 15
[03-May-2022 10:49:31] NOTICE: ready to handle connections
[03-May-2022 10:49:31] NOTICE: systemd monitor interval set to 10000ms
[03-May-2022 11:02:53] NOTICE: fpm is running, pid 16
[03-May-2022 11:02:53] NOTICE: ready to handle connections
[03-May-2022 11:02:53] NOTICE: systemd monitor interval set to 10000ms
[18-May-2022 08:14:26] NOTICE: fpm is running, pid 16
[18-May-2022 08:14:26] NOTICE: ready to handle connections
[18-May-2022 08:14:26] NOTICE: systemd monitor interval set to 10000ms
[18-May-2022 08:16:18] NOTICE: fpm is running, pid 16
[18-May-2022 08:16:18] NOTICE: ready to handle connections
[18-May-2022 08:16:18] NOTICE: systemd monitor interval set to 10000ms
[18-May-2022 08:18:16] NOTICE: fpm is running, pid 16
[18-May-2022 08:18:16] NOTICE: ready to handle connections
[18-May-2022 08:18:16] NOTICE: systemd monitor interval set to 10000ms
[18-May-2022 08:25:35] NOTICE: fpm is running, pid 15
[18-May-2022 08:25:35] NOTICE: ready to handle connections
[18-May-2022 08:25:35] NOTICE: systemd monitor interval set to 10000ms
[18-May-2022 08:41:06] NOTICE: fpm is running, pid 16
[18-May-2022 08:41:06] NOTICE: ready to handle connections
[18-May-2022 08:41:06] NOTICE: systemd monitor interval set to 10000ms
[18-May-2022 09:25:22] NOTICE: fpm is running, pid 16
[18-May-2022 09:25:22] NOTICE: ready to handle connections
[18-May-2022 09:25:22] NOTICE: systemd monitor interval set to 10000ms
[18-May-2022 09:27:03] NOTICE: fpm is running, pid 16
[18-May-2022 09:27:03] NOTICE: ready to handle connections
[18-May-2022 09:27:03] NOTICE: systemd monitor interval set to 10000ms
[18-May-2022 09:30:53] NOTICE: fpm is running, pid 15
[18-May-2022 09:30:53] NOTICE: ready to handle connections
[18-May-2022 09:30:53] NOTICE: systemd monitor interval set to 10000ms
[18-May-2022 09:40:36] NOTICE: fpm is running, pid 15
[18-May-2022 09:40:36] NOTICE: ready to handle connections
[18-May-2022 09:40:36] NOTICE: systemd monitor interval set to 10000ms
[18-May-2022 09:49:41] NOTICE: fpm is running, pid 16
[18-May-2022 09:49:41] NOTICE: ready to handle connections
[18-May-2022 09:49:41] NOTICE: systemd monitor interval set to 10000ms
[18-May-2022 09:55:39] NOTICE: fpm is running, pid 16
[18-May-2022 09:55:39] NOTICE: ready to handle connections
[18-May-2022 09:55:39] NOTICE: systemd monitor interval set to 10000ms
[18-May-2022 09:57:05] NOTICE: fpm is running, pid 16
[18-May-2022 09:57:05] NOTICE: ready to handle connections
[18-May-2022 09:57:05] NOTICE: systemd monitor interval set to 10000ms
[18-May-2022 10:24:19] NOTICE: fpm is running, pid 15
[18-May-2022 10:24:19] NOTICE: ready to handle connections
[18-May-2022 10:24:19] NOTICE: systemd monitor interval set to 10000ms
[18-May-2022 10:53:30] NOTICE: fpm is running, pid 17
[18-May-2022 10:53:30] NOTICE: ready to handle connections
[18-May-2022 10:53:30] NOTICE: systemd monitor interval set to 10000ms
[18-May-2022 10:59:13] NOTICE: fpm is running, pid 17
[18-May-2022 10:59:13] NOTICE: ready to handle connections
[18-May-2022 10:59:13] NOTICE: systemd monitor interval set to 10000ms
[18-May-2022 11:09:24] NOTICE: fpm is running, pid 17
[18-May-2022 11:09:24] NOTICE: ready to handle connections
[18-May-2022 11:09:24] NOTICE: systemd monitor interval set to 10000ms
[18-May-2022 11:17:09] NOTICE: fpm is running, pid 33
[18-May-2022 11:17:09] NOTICE: ready to handle connections
[18-May-2022 11:17:09] NOTICE: systemd monitor interval set to 10000ms
[18-May-2022 11:21:09] NOTICE: fpm is running, pid 17
[18-May-2022 11:21:09] NOTICE: ready to handle connections
[18-May-2022 11:21:09] NOTICE: systemd monitor interval set to 10000ms
[18-May-2022 11:34:01] NOTICE: fpm is running, pid 33
[18-May-2022 11:34:01] NOTICE: ready to handle connections
[18-May-2022 11:34:01] NOTICE: systemd monitor interval set to 10000ms
[19-May-2022 03:20:45] NOTICE: fpm is running, pid 16
[19-May-2022 03:20:45] NOTICE: ready to handle connections
[19-May-2022 03:20:45] NOTICE: systemd monitor interval set to 10000ms
[19-May-2022 04:02:32] NOTICE: fpm is running, pid 16
[19-May-2022 04:02:32] NOTICE: ready to handle connections
[19-May-2022 04:02:32] NOTICE: systemd monitor interval set to 10000ms
[19-May-2022 04:07:30] NOTICE: fpm is running, pid 15
[19-May-2022 04:07:30] NOTICE: ready to handle connections
[19-May-2022 04:07:30] NOTICE: systemd monitor interval set to 10000ms
[19-May-2022 04:48:28] NOTICE: fpm is running, pid 16
[19-May-2022 04:48:28] NOTICE: ready to handle connections
[19-May-2022 04:48:28] NOTICE: systemd monitor interval set to 10000ms
[19-May-2022 05:34:47] NOTICE: fpm is running, pid 16
[19-May-2022 05:34:47] NOTICE: ready to handle connections
[19-May-2022 05:34:47] NOTICE: systemd monitor interval set to 10000ms
[19-May-2022 07:08:36] NOTICE: fpm is running, pid 15
[19-May-2022 07:08:36] NOTICE: ready to handle connections
[19-May-2022 07:08:36] NOTICE: systemd monitor interval set to 10000ms
[19-May-2022 07:13:30] NOTICE: fpm is running, pid 22
[19-May-2022 07:13:30] NOTICE: ready to handle connections
[19-May-2022 07:13:30] NOTICE: systemd monitor interval set to 10000ms
[19-May-2022 07:44:43] NOTICE: fpm is running, pid 23
[19-May-2022 07:44:43] NOTICE: ready to handle connections
[19-May-2022 07:44:43] NOTICE: systemd monitor interval set to 10000ms
[19-May-2022 07:49:54] NOTICE: fpm is running, pid 23
[19-May-2022 07:49:54] NOTICE: ready to handle connections
[19-May-2022 07:49:54] NOTICE: systemd monitor interval set to 10000ms
[19-May-2022 07:53:37] NOTICE: fpm is running, pid 23
[19-May-2022 07:53:37] NOTICE: ready to handle connections
[19-May-2022 07:53:37] NOTICE: systemd monitor interval set to 10000ms
[19-May-2022 07:55:51] NOTICE: fpm is running, pid 23
[19-May-2022 07:55:51] NOTICE: ready to handle connections
[19-May-2022 07:55:51] NOTICE: systemd monitor interval set to 10000ms
[19-May-2022 08:03:03] NOTICE: fpm is running, pid 22
[19-May-2022 08:03:03] NOTICE: ready to handle connections
[19-May-2022 08:03:03] NOTICE: systemd monitor interval set to 10000ms
[19-May-2022 08:10:58] NOTICE: fpm is running, pid 16
[19-May-2022 08:10:58] NOTICE: ready to handle connections
[19-May-2022 08:10:58] NOTICE: systemd monitor interval set to 10000ms
[19-May-2022 08:15:21] NOTICE: fpm is running, pid 23
[19-May-2022 08:15:21] NOTICE: ready to handle connections
[19-May-2022 08:15:21] NOTICE: systemd monitor interval set to 10000ms
[19-May-2022 08:41:41] NOTICE: fpm is running, pid 16
[19-May-2022 08:41:41] NOTICE: ready to handle connections
[19-May-2022 08:41:41] NOTICE: systemd monitor interval set to 10000ms
[19-May-2022 09:00:39] NOTICE: fpm is running, pid 15
[19-May-2022 09:00:39] NOTICE: ready to handle connections
[19-May-2022 09:00:39] NOTICE: systemd monitor interval set to 10000ms
[19-May-2022 09:04:30] NOTICE: fpm is running, pid 16
[19-May-2022 09:04:30] NOTICE: ready to handle connections
[19-May-2022 09:04:30] NOTICE: systemd monitor interval set to 10000ms
[19-May-2022 09:22:38] NOTICE: fpm is running, pid 16
[19-May-2022 09:22:38] NOTICE: ready to handle connections
[19-May-2022 09:22:38] NOTICE: systemd monitor interval set to 10000ms
[23-May-2022 06:40:07] NOTICE: fpm is running, pid 15
[23-May-2022 06:40:07] NOTICE: ready to handle connections
[23-May-2022 06:40:07] NOTICE: systemd monitor interval set to 10000ms
[23-May-2022 08:03:56] NOTICE: fpm is running, pid 16
[23-May-2022 08:03:56] NOTICE: ready to handle connections
[23-May-2022 08:03:56] NOTICE: systemd monitor interval set to 10000ms
[23-May-2022 08:14:07] NOTICE: fpm is running, pid 16
[23-May-2022 08:14:07] NOTICE: ready to handle connections
[23-May-2022 08:14:07] NOTICE: systemd monitor interval set to 10000ms
[23-May-2022 08:20:06] NOTICE: fpm is running, pid 16
[23-May-2022 08:20:06] NOTICE: ready to handle connections
[23-May-2022 08:20:06] NOTICE: systemd monitor interval set to 10000ms
[23-May-2022 08:22:42] NOTICE: fpm is running, pid 16
[23-May-2022 08:22:42] NOTICE: ready to handle connections
[23-May-2022 08:22:42] NOTICE: systemd monitor interval set to 10000ms
[23-May-2022 08:25:58] NOTICE: fpm is running, pid 15
[23-May-2022 08:25:58] NOTICE: ready to handle connections
[23-May-2022 08:25:58] NOTICE: systemd monitor interval set to 10000ms
[23-May-2022 08:50:16] NOTICE: fpm is running, pid 16
[23-May-2022 08:50:16] NOTICE: ready to handle connections
[23-May-2022 08:50:16] NOTICE: systemd monitor interval set to 10000ms
[25-May-2022 02:05:06] NOTICE: fpm is running, pid 16
[25-May-2022 02:05:06] NOTICE: ready to handle connections
[25-May-2022 02:05:06] NOTICE: systemd monitor interval set to 10000ms
[25-May-2022 04:14:45] NOTICE: fpm is running, pid 16
[25-May-2022 04:14:45] NOTICE: ready to handle connections
[25-May-2022 04:14:45] NOTICE: systemd monitor interval set to 10000ms
[25-May-2022 08:11:53] NOTICE: fpm is running, pid 16
[25-May-2022 08:11:53] NOTICE: ready to handle connections
[25-May-2022 08:11:53] NOTICE: systemd monitor interval set to 10000ms
[25-May-2022 08:13:58] NOTICE: fpm is running, pid 16
[25-May-2022 08:13:58] NOTICE: ready to handle connections
[25-May-2022 08:13:58] NOTICE: systemd monitor interval set to 10000ms
[25-May-2022 08:16:03] NOTICE: fpm is running, pid 16
[25-May-2022 08:16:03] NOTICE: ready to handle connections
[25-May-2022 08:16:03] NOTICE: systemd monitor interval set to 10000ms
[25-May-2022 08:59:07] NOTICE: fpm is running, pid 17
[25-May-2022 08:59:07] NOTICE: ready to handle connections
[25-May-2022 08:59:07] NOTICE: systemd monitor interval set to 10000ms
[25-May-2022 09:01:42] NOTICE: fpm is running, pid 16
[25-May-2022 09:01:42] NOTICE: ready to handle connections
[25-May-2022 09:01:42] NOTICE: systemd monitor interval set to 10000ms
[25-May-2022 09:02:07] NOTICE: fpm is running, pid 16
[25-May-2022 09:02:07] NOTICE: ready to handle connections
[25-May-2022 09:02:07] NOTICE: systemd monitor interval set to 10000ms
[25-May-2022 09:02:53] NOTICE: fpm is running, pid 16
[25-May-2022 09:02:53] NOTICE: ready to handle connections
[25-May-2022 09:02:53] NOTICE: systemd monitor interval set to 10000ms
[25-May-2022 09:06:10] NOTICE: fpm is running, pid 16
[25-May-2022 09:06:10] NOTICE: ready to handle connections
[25-May-2022 09:06:10] NOTICE: systemd monitor interval set to 10000ms
[25-May-2022 09:15:07] NOTICE: fpm is running, pid 21
[25-May-2022 09:15:07] NOTICE: ready to handle connections
[25-May-2022 09:15:07] NOTICE: systemd monitor interval set to 10000ms
[25-May-2022 09:31:24] NOTICE: fpm is running, pid 15
[25-May-2022 09:31:24] NOTICE: ready to handle connections
[25-May-2022 09:31:24] NOTICE: systemd monitor interval set to 10000ms
[25-May-2022 09:39:25] NOTICE: fpm is running, pid 18
[25-May-2022 09:39:25] NOTICE: ready to handle connections
[25-May-2022 09:39:25] NOTICE: systemd monitor interval set to 10000ms
